0 info it worked if it ends with ok
1 verbose cli [ 'C:\\Program Files\\nodejs\\node.exe',
1 verbose cli   'C:\\Program Files\\nodejs\\node_modules\\npm\\bin\\npm-cli.js',
1 verbose cli   'run',
1 verbose cli   'serve' ]
2 info using npm@4.0.5
3 info using node@v7.4.0
4 verbose run-script [ 'preserve', 'serve', 'postserve' ]
5 info lifecycle team-project-client@0.0.1~preserve: team-project-client@0.0.1
6 silly lifecycle team-project-client@0.0.1~preserve: no script for preserve, continuing
7 info lifecycle team-project-client@0.0.1~serve: team-project-client@0.0.1
8 verbose lifecycle team-project-client@0.0.1~serve: unsafe-perm in lifecycle true
9 verbose lifecycle team-project-client@0.0.1~serve: PATH: C:\Program Files\nodejs\node_modules\npm\bin\node-gyp-bin;C:\Users\yupin\326\team-project-client-template\node_modules\.bin;C:\Users\yupin\AppData\Roaming\npm;C:\Program Files\nodejs\;C:\ProgramData\Oracle\Java\javapath;C:\Program Files (x86)\Intel\iCLS Client\;C:\Program Files\Intel\iCLS Client\;C:\Windows\system32;C:\Windows;C:\Windows\System32\Wbem;C:\Windows\System32\WindowsPowerShell\v1.0\;C:\Program Files (x86)\NVIDIA Corporation\PhysX\Common;C:\Program Files (x86)\Intel\Intel(R) Management Engine Components\DAL;C:\Program Files\Intel\Intel(R) Management Engine Components\DAL;C:\Program Files (x86)\Intel\Intel(R) Management Engine Components\IPT;C:\Program Files\Intel\Intel(R) Management Engine Components\IPT;C:\WINDOWS\system32;C:\WINDOWS;C:\WINDOWS\System32\Wbem;C:\WINDOWS\System32\WindowsPowerShell\v1.0\;C:\cygwin64\bin;C:\Program Files\nodejs\;C:\Program Files\Git\cmd;C:\Program Files (x86)\PuTTY;C:\Program Files\Java\jdk1.8.0_111;C:\Users\yupin\apache-ant-1.10.1\bin;C:\Program Files (x86)\Skype\Phone\;C:\Program Files\Java\jdk1.8.0_121\bin;C:\Users\yupin\sleuthkit-4.4.0-win32\bin;C:\Strawberry\c\bin;C:\Strawberry\perl\site\bin;C:\Strawberry\perl\bin;C:\Strawberry\perl\bin;C:\Users\yupin\320\defects4j\framework\bin;C:\cygwin64\bin;C:\Users\yupin\AppData\Local\Programs\Python\Python35\Scripts\;C:\Users\yupin\AppData\Local\Programs\Python\Python35\;C:\Users\yupin\AppData\Local\Microsoft\WindowsApps;C:\Users\yupin\AppData\Local\atom\bin;C:\Users\yupin\AppData\Roaming\npm;C:\Program Files (x86)\Microsoft VS Code\bin;C:\Users\yupin\320\defects4j\framework\bin
10 verbose lifecycle team-project-client@0.0.1~serve: CWD: C:\Users\yupin\326\team-project-client-template
11 silly lifecycle team-project-client@0.0.1~serve: Args: [ '/d /s /c', 'webpack-dev-server --content-base build' ]
12 verbose stack Error: kill ENOSYS
12 verbose stack     at exports._errnoException (util.js:1022:11)
12 verbose stack     at process.kill (internal/process.js:173:13)
12 verbose stack     at process.listener (C:\Program Files\nodejs\node_modules\npm\node_modules\npmlog\node_modules\gauge\node_modules\signal-exit\index.js:86:15)
12 verbose stack     at emitNone (events.js:91:20)
12 verbose stack     at process.emit (events.js:185:7)
12 verbose stack     at processEmit (C:\Program Files\nodejs\node_modules\npm\node_modules\npmlog\node_modules\gauge\node_modules\signal-exit\index.js:146:32)
12 verbose stack     at processEmit (C:\Program Files\nodejs\node_modules\npm\node_modules\npm-registry-client\node_modules\npmlog\node_modules\gauge\node_modules\signal-exit\index.js:146:32)
12 verbose stack     at Signal.wrap.onsignal (internal/process.js:200:44)
13 verbose cwd C:\Users\yupin\326\team-project-client-template
14 error Windows_NT 10.0.14393
15 error argv "C:\\Program Files\\nodejs\\node.exe" "C:\\Program Files\\nodejs\\node_modules\\npm\\bin\\npm-cli.js" "run" "serve"
16 error node v7.4.0
17 error npm  v4.0.5
18 error code ENOSYS
19 error errno ENOSYS
20 error syscall kill
21 error kill ENOSYS
22 error If you need help, you may report this error at:
22 error     <https://github.com/npm/npm/issues>
23 verbose exit [ 1, true ]
